<?xml version="1.0" encoding="UTF-8"?>
<testsuite name="com.example.ApplicationTest" tests="1" skipped="0" failures="0" errors="0" timestamp="2021-12-15T04:25:23" hostname="jimmys-air.lan" time="0.478">
  <properties/>
  <testcase name="testRoot" classname="com.example.ApplicationTest" time="0.478"/>
  <system-out><![CDATA[2021-12-14 23:25:23.360 [Test worker] INFO  ktor.test - Autoreload is disabled because the development mode is off.
2021-12-14 23:25:23.378 [Test worker] INFO  ktor.test - Application started in 0.066 seconds.
]]></system-out>
  <system-err><![CDATA[]]></system-err>
</testsuite>
